ModuleNotFoundError: No module named 'ta'

ğŸ” STEP 3: Enhanced Bot Testing

ğŸ§ª Testing Enhanced Trading Bot...
Installing required packages...
error: externally-managed-environment

Ã— This environment is externally managed
â•°â”€> This command has been disabled as it tries to modify the immutable
    `/nix/store` filesystem.
    
    To use Python with Nix and nixpkgs, have a look at the online documentation:
    <https://nixos.org/manual/nixpkgs/stable/#python>.

note: If you believe this is a mistake, please contact your Python installation or OS distribution provider. You can override this, at the risk of breaking your Python installation or OS, by passing --break-system-packages.
hint: See PEP 668 for the detailed specification.
âŒ Enhanced bot test failed: Command '['pip', 'install', 'tensorflow', 'ta']' returned non-zero exit status 1.
Traceback (most recent call last):
  File "/home/runner/workspace/enhanced_trading_bot.py", line 16, in <module>
    import ta
ModuleNotFoundError: No module named 'ta'

During handling of the above exception, another exception occurred:

Traceback (most recent call last):
  File "/home/runner/workspace/run_enhanced_training.py", line 61, in test_enhanced_bot
    from enhanced_trading_bot import EnhancedTradingBot
  File "/home/runner/workspace/enhanced_trading_bot.py", line 20, in <module>
    subprocess.check_call(['pip', 'install', 'tensorflow', 'ta'])
  File "/nix/store/clx0mcir7qw8zk36zbr4jra789g3knf6-python3-3.11.10/lib/python3.11/subprocess.py", line 413, in check_call
    raise CalledProcessError(retcode, cmd)
subprocess.CalledProcessError: Command '['pip', 'install', 'tensorflow', 'ta']' returned non-zero exit status 1.

ğŸ“‹ STEP 4: Performance Report

ğŸ“Š Creating Performance Report...
ğŸ“‹ Training Report Summary:
   âœ… Training Completed: 
   ğŸ¤– Models Available: Basic LSTM
   ğŸ“Š Performance Metrics: {}

======================================================================
ğŸ‰ ENHANCED TRAINING PIPELINE COMPLETE!
======================================================================
ğŸ“Š Pipeline Success Rate: 1/4 (25.0%)

ğŸ“‹ Step Results:
   âŒ Enhanced Features: Failed
   âŒ Ensemble Models: Failed
   âŒ Bot Test: Failed
   âœ… Report: Success

âš ï¸ PARTIAL SUCCESS
Some training steps failed, but you can still use:
- Any successfully trained models
- The existing basic trading system
- Try running individual training scripts

ğŸ“ Generated Files:
   âŒ btc_enhanced_lstm_model.h5 (not created)
   âŒ enhanced_feature_scaler.pkl (not created)
   âŒ enhanced_price_scaler.pkl (not created)
   âŒ feature_names.pkl (not created)
   âŒ ensemble_model_lstm.h5 (not created)
   âŒ ensemble_model_gru.h5 (not created)
   âŒ ensemble_weights.pkl (not created)
   âœ… training_report.json
   âŒ ensemble_analysis.png (not created)